<?xml version="1.0" encoding="UTF-8"?>
<!-- Generated by org.testng.reporters.JUnitReportReporter -->
<testsuite hostname="DESKTOP-QT7208L" failures="0" tests="1" name="seleniumBasics.LoginTest" time="7.554" errors="0" timestamp="2025-02-19T14:11:20 IST" skipped="0">
  <testcase classname="seleniumBasics.LoginTest" name="verifyUserLoginWithInvalidUsernameAndvalidalidPassword" time="7.554"/>
  <system-out/>
</testsuite> <!-- seleniumBasics.LoginTest -->
