<?xml version="1.0" encoding="UTF-8"?>
<!-- Generated by org.testng.reporters.JUnitReportReporter -->
<testsuite hostname="DESKTOP-QT7208L" failures="0" tests="1" name="seleniumBasics.TestNGAnnotations" time="0.013" errors="0" timestamp="2025-02-19T11:21:34 IST" skipped="0">
  <testcase classname="seleniumBasics.TestNGAnnotations" name="testCase1" time="0.013"/>
  <system-out/>
</testsuite> <!-- seleniumBasics.TestNGAnnotations -->
